<?xml version="1.0" encoding="UTF-8"?>
<!-- Generated by org.testng.reporters.JUnitReportReporter -->
<testsuite hostname="DESKTOP-U8F94J3" failures="0" tests="1" name="Com.bridgelabz.ListBox" time="0.894" errors="0" timestamp="2022-08-08T09:00:13 IST" skipped="0">
  <testcase classname="Com.bridgelabz.ListBox" name="select_Element_ListBox" time="0.894"/>
  <system-out/>
</testsuite> <!-- Com.bridgelabz.ListBox -->
