<?xml version="1.0" encoding="UTF-8"?>
<!-- Generated by org.testng.reporters.JUnitReportReporter -->
<testsuite hostname="DESKTOP-U8F94J3" failures="0" tests="1" name="Com.bridgelabz.WebElement_Interface" time="5.675" errors="0" timestamp="2022-07-28T07:56:35 IST" skipped="0">
  <testcase classname="Com.bridgelabz.WebElement_Interface" name="ToolTip" time="5.675"/>
  <system-out/>
</testsuite> <!-- Com.bridgelabz.WebElement_Interface -->
