<?xml version="1.0" encoding="UTF-8"?>
<!-- Generated by org.testng.reporters.JUnitReportReporter -->
<testsuite hostname="DESKTOP-U8F94J3" failures="0" tests="1" name="Com.bridgelabz.Xpath_Practice" time="15.895" errors="0" timestamp="2022-07-23T08:56:32 IST" skipped="0">
  <testcase classname="Com.bridgelabz.Xpath_Practice" name="login" time="15.895"/>
  <system-out/>
</testsuite> <!-- Com.bridgelabz.Xpath_Practice -->
