<?xml version="1.0" encoding="UTF-8"?>
<!-- Generated by org.testng.reporters.JUnitReportReporter -->
<testsuite hostname="DESKTOP-U8F94J3" failures="0" tests="1" name="Com.bridgelabz.taking_screenshot" time="16.179" errors="0" timestamp="2022-07-23T08:28:39 IST" skipped="0">
  <testcase classname="Com.bridgelabz.taking_screenshot" name="screenshort" time="16.179"/>
  <system-out/>
</testsuite> <!-- Com.bridgelabz.taking_screenshot -->
