<?xml version="1.0" encoding="UTF-8"?>
<!-- Generated by org.testng.reporters.JUnitReportReporter -->
<testsuite hostname="DESKTOP-U8F94J3" failures="0" tests="1" name="Com.bridgelabz.UserInput" time="7.252" errors="0" timestamp="2022-07-30T10:28:02 IST" skipped="0">
  <testcase classname="Com.bridgelabz.UserInput" name="launching_Multiple_Browser" time="7.252"/>
  <system-out/>
</testsuite> <!-- Com.bridgelabz.UserInput -->
