<?xml version="1.0" encoding="UTF-8"?>
<!-- Generated by org.testng.reporters.JUnitReportReporter -->
<testsuite hostname="DESKTOP-U8F94J3" failures="0" tests="1" name="Com.bridgelabz.Get_Method_Display" time="11.593" errors="0" timestamp="2022-07-23T00:14:43 IST" skipped="0">
  <testcase classname="Com.bridgelabz.Get_Method_Display" name="XCoordinate" time="11.593"/>
  <system-out/>
</testsuite> <!-- Com.bridgelabz.Get_Method_Display -->
