<?xml version="1.0" encoding="UTF-8"?>
<!-- Generated by org.testng.reporters.JUnitReportReporter -->
<testsuite hostname="DESKTOP-U8F94J3" failures="0" tests="1" name="Com.bridgelabz.Expected_Page_Displayed" time="8.360" errors="0" timestamp="2022-07-23T08:33:16 IST" skipped="0">
  <testcase classname="Com.bridgelabz.Expected_Page_Displayed" name="expectedPage" time="8.360"/>
  <system-out/>
</testsuite> <!-- Com.bridgelabz.Expected_Page_Displayed -->
