<?xml version="1.0" encoding="UTF-8"?>
<!-- Generated by org.testng.reporters.JUnitReportReporter -->
<testsuite hostname="DESKTOP-U8F94J3" failures="0" tests="1" name="Com.bridgelabz.FB_Allignment" time="11.678" errors="0" timestamp="2022-07-22T23:59:03 IST" skipped="0">
  <testcase classname="Com.bridgelabz.FB_Allignment" name="XCoordinate" time="11.678"/>
  <system-out/>
</testsuite> <!-- Com.bridgelabz.FB_Allignment -->
