<?xml version="1.0" encoding="UTF-8"?>
<!-- Generated by org.testng.reporters.JUnitReportReporter -->
<testsuite hostname="DESKTOP-U8F94J3" failures="0" tests="1" name="Com.bridgelabz.Facebook_Login" time="17.824" errors="0" timestamp="2022-07-20T16:09:45 IST" skipped="0">
  <testcase classname="Com.bridgelabz.Facebook_Login" name="login" time="17.824"/>
  <system-out/>
</testsuite> <!-- Com.bridgelabz.Facebook_Login -->
