<?xml version="1.0" encoding="UTF-8"?>
<!-- Generated by org.testng.reporters.JUnitReportReporter -->
<testsuite hostname="DESKTOP-U8F94J3" failures="0" tests="1" name="Com.bridgelabz.Action_cls_Method" time="7.868" errors="0" timestamp="2022-07-27T00:15:28 IST" skipped="0">
  <testcase classname="Com.bridgelabz.Action_cls_Method" name="dragDrop" time="7.868"/>
  <system-out/>
</testsuite> <!-- Com.bridgelabz.Action_cls_Method -->
