<?xml version="1.0" encoding="UTF-8"?>
<!-- Generated by org.testng.reporters.JUnitReportReporter -->
<testsuite hostname="DESKTOP-U8F94J3" failures="0" tests="1" name="Com.bridgelabz.Facebook_Signup" time="31.303" errors="0" timestamp="2022-07-21T23:33:42 IST" skipped="0">
  <testcase classname="Com.bridgelabz.Facebook_Signup" name="signup" time="31.303"/>
  <system-out/>
</testsuite> <!-- Com.bridgelabz.Facebook_Signup -->
