<?xml version="1.0" encoding="UTF-8"?>
<!-- Generated by org.testng.reporters.JUnitReportReporter -->
<testsuite hostname="DESKTOP-U8F94J3" failures="0" tests="1" name="Com.bridgelabz.Web_Element_Interface_Method" time="23.358" errors="0" timestamp="2022-07-21T23:37:46 IST" skipped="0">
  <testcase classname="Com.bridgelabz.Web_Element_Interface_Method" name="test" time="23.358"/>
  <system-out/>
</testsuite> <!-- Com.bridgelabz.Web_Element_Interface_Method -->
