<?xml version="1.0" encoding="UTF-8"?>
<!-- Generated by org.testng.reporters.JUnitReportReporter -->
<testsuite hostname="DESKTOP-U8F94J3" failures="0" tests="1" name="Com.bridgelabz.Uploaded_File" time="3.513" errors="0" timestamp="2022-07-30T10:21:17 IST" skipped="0">
  <testcase classname="Com.bridgelabz.Uploaded_File" name="autoIt_UploadFile" time="3.513"/>
  <system-out/>
</testsuite> <!-- Com.bridgelabz.Uploaded_File -->
