<?xml version="1.0" encoding="UTF-8"?>
<!-- Generated by org.testng.reporters.JUnitReportReporter -->
<testsuite hostname="DESKTOP-U8F94J3" failures="0" tests="1" name="Com.bridgelabz.Robot_class_method" time="20.649" errors="0" timestamp="2022-07-20T16:14:53 IST" skipped="0">
  <testcase classname="Com.bridgelabz.Robot_class_method" name="mouseAnsKeyBoardOperator" time="20.649"/>
  <system-out/>
</testsuite> <!-- Com.bridgelabz.Robot_class_method -->
