<?xml version="1.0" encoding="UTF-8"?>
<!-- Generated by org.testng.reporters.JUnitReportReporter -->
<testsuite hostname="DESKTOP-U8F94J3" failures="0" tests="1" name="Com.bridgelabz.JS_PopUp" time="6.054" errors="0" timestamp="2022-07-30T08:54:40 IST" skipped="0">
  <testcase classname="Com.bridgelabz.JS_PopUp" name="Alert_Promptpopup" time="6.054"/>
  <system-out/>
</testsuite> <!-- Com.bridgelabz.JS_PopUp -->
